[01m[K/home/autodrive_devkit/ros2_laser_scan_matcher/src/new-tf-topic/src/frame_publisher_node.cpp:[m[K In member function â€˜[01m[Kvoid FramePublisher::broadcast_timer_callback()[m[Kâ€™:
[01m[K/home/autodrive_devkit/ros2_laser_scan_matcher/src/new-tf-topic/src/frame_publisher_node.cpp:59:33:[m[K [01;31m[Kerror: [m[Kâ€˜[01m[Kodom_to_robot_transform[m[Kâ€™ was not declared in this scope; did you mean â€˜[01m[Kworld_to_odom_transform[m[Kâ€™?
   59 |     tf_msg.transforms.push_back([01;31m[Kodom_to_robot_transform[m[K);
      |                                 [01;31m[K^~~~~~~~~~~~~~~~~~~~~~~[m[K
      |                                 [32m[Kworld_to_odom_transform[m[K
gmake[2]: *** [CMakeFiles/frame_publisher_node.dir/build.make:76: CMakeFiles/frame_publisher_node.dir/src/frame_publisher_node.cpp.o] Error 1
gmake[1]: *** [CMakeFiles/Makefile2:137: CMakeFiles/frame_publisher_node.dir/all] Error 2
gmake: *** [Makefile:146: all] Error 2
