[0.009s] Invoking command in '/home/autodrive_devkit/ros2_laser_scan_matcher/src/new-tf-topic/build/new-tf-topic': CMAKE_PREFIX_PATH=${CMAKE_PREFIX_PATH}:/home/autodrive_devkit/install/autodrive_roboracer:/opt/ros/humble /usr/bin/cmake --build /home/autodrive_devkit/ros2_laser_scan_matcher/src/new-tf-topic/build/new-tf-topic -- -j12 -l12
[0.056s] [ 50%] [32mBuilding CXX object CMakeFiles/frame_publisher_node.dir/src/frame_publisher_node.cpp.o[0m
[1.531s] [01m[K/home/autodrive_devkit/ros2_laser_scan_matcher/src/new-tf-topic/src/frame_publisher_node.cpp:[m[K In member function â€˜[01m[Kvoid FramePublisher::broadcast_timer_callback()[m[Kâ€™:
[1.532s] [01m[K/home/autodrive_devkit/ros2_laser_scan_matcher/src/new-tf-topic/src/frame_publisher_node.cpp:59:33:[m[K [01;31m[Kerror: [m[Kâ€˜[01m[Kodom_to_robot_transform[m[Kâ€™ was not declared in this scope; did you mean â€˜[01m[Kworld_to_odom_transform[m[Kâ€™?
[1.532s]    59 |     tf_msg.transforms.push_back([01;31m[Kodom_to_robot_transform[m[K);
[1.532s]       |                                 [01;31m[K^~~~~~~~~~~~~~~~~~~~~~~[m[K
[1.532s]       |                                 [32m[Kworld_to_odom_transform[m[K
[2.062s] gmake[2]: *** [CMakeFiles/frame_publisher_node.dir/build.make:76: CMakeFiles/frame_publisher_node.dir/src/frame_publisher_node.cpp.o] Error 1
[2.062s] gmake[1]: *** [CMakeFiles/Makefile2:137: CMakeFiles/frame_publisher_node.dir/all] Error 2
[2.062s] gmake: *** [Makefile:146: all] Error 2
[2.064s] Invoked command in '/home/autodrive_devkit/ros2_laser_scan_matcher/src/new-tf-topic/build/new-tf-topic' returned '2': CMAKE_PREFIX_PATH=${CMAKE_PREFIX_PATH}:/home/autodrive_devkit/install/autodrive_roboracer:/opt/ros/humble /usr/bin/cmake --build /home/autodrive_devkit/ros2_laser_scan_matcher/src/new-tf-topic/build/new-tf-topic -- -j12 -l12
