[0.000000] (-) TimerEvent: {}
[0.000587] (new-tf-topic) JobQueued: {'identifier': 'new-tf-topic', 'dependencies': OrderedDict()}
[0.000653] (new-tf-topic) JobStarted: {'identifier': 'new-tf-topic'}
[0.006707] (new-tf-topic) JobProgress: {'identifier': 'new-tf-topic', 'progress': 'cmake'}
[0.007411] (new-tf-topic) JobProgress: {'identifier': 'new-tf-topic', 'progress': 'build'}
[0.008131] (new-tf-topic) Command: {'cmd': ['/usr/bin/cmake', '--build', '/home/autodrive_devkit/ros2_laser_scan_matcher/src/new-tf-topic/build/new-tf-topic', '--', '-j12', '-l12'], 'cwd': '/home/autodrive_devkit/ros2_laser_scan_matcher/src/new-tf-topic/build/new-tf-topic', 'env': OrderedDict([('HOSTNAME', 'anshumaan-ubuntu'), ('SHLVL', '1'), ('LD_LIBRARY_PATH', '/opt/ros/humble/opt/rviz_ogre_vendor/lib:/opt/ros/humble/lib/x86_64-linux-gnu:/opt/ros/humble/lib:/usr/local/lib'), ('HOME', '/root'), ('OLDPWD', '/home/autodrive_devkit/ros2_laser_scan_matcher/src/new-tf-topic/src'), ('ROS_PYTHON_VERSION', '3'), ('COLCON_PREFIX_PATH', '/home/autodrive_devkit/ros2_laser_scan_matcher/src/new-tf-topic/install:/home/autodrive_devkit/ros2_laser_scan_matcher/install:/home/autodrive_devkit/install'), ('ROS_DISTRO', 'humble'), ('_', '/usr/bin/colcon'), ('ROS_VERSION', '2'), ('TERM', 'xterm'), ('ROS_LOCALHOST_ONLY', '0'), ('PATH', '/opt/ros/humble/bin:/usr/local/sbin:/usr/local/bin:/usr/sbin:/usr/bin:/sbin:/bin'), ('XDG_RUNTIME_DIR', '/tmp/runtime-root'), ('DISPLAY', ':0'), ('LANG', 'C.UTF-8'), ('LS_COLORS', 'rs=0:di=01;34:ln=01;36:mh=00:pi=40;33:so=01;35:do=01;35:bd=40;33;01:cd=40;33;01:or=40;31;01:mi=00:su=37;41:sg=30;43:ca=30;41:tw=30;42:ow=34;42:st=37;44:ex=01;32:*.tar=01;31:*.tgz=01;31:*.arc=01;31:*.arj=01;31:*.taz=01;31:*.lha=01;31:*.lz4=01;31:*.lzh=01;31:*.lzma=01;31:*.tlz=01;31:*.txz=01;31:*.tzo=01;31:*.t7z=01;31:*.zip=01;31:*.z=01;31:*.dz=01;31:*.gz=01;31:*.lrz=01;31:*.lz=01;31:*.lzo=01;31:*.xz=01;31:*.zst=01;31:*.tzst=01;31:*.bz2=01;31:*.bz=01;31:*.tbz=01;31:*.tbz2=01;31:*.tz=01;31:*.deb=01;31:*.rpm=01;31:*.jar=01;31:*.war=01;31:*.ear=01;31:*.sar=01;31:*.rar=01;31:*.alz=01;31:*.ace=01;31:*.zoo=01;31:*.cpio=01;31:*.7z=01;31:*.rz=01;31:*.cab=01;31:*.wim=01;31:*.swm=01;31:*.dwm=01;31:*.esd=01;31:*.jpg=01;35:*.jpeg=01;35:*.mjpg=01;35:*.mjpeg=01;35:*.gif=01;35:*.bmp=01;35:*.pbm=01;35:*.pgm=01;35:*.ppm=01;35:*.tga=01;35:*.xbm=01;35:*.xpm=01;35:*.tif=01;35:*.tiff=01;35:*.png=01;35:*.svg=01;35:*.svgz=01;35:*.mng=01;35:*.pcx=01;35:*.mov=01;35:*.mpg=01;35:*.mpeg=01;35:*.m2v=01;35:*.mkv=01;35:*.webm=01;35:*.webp=01;35:*.ogm=01;35:*.mp4=01;35:*.m4v=01;35:*.mp4v=01;35:*.vob=01;35:*.qt=01;35:*.nuv=01;35:*.wmv=01;35:*.asf=01;35:*.rm=01;35:*.rmvb=01;35:*.flc=01;35:*.avi=01;35:*.fli=01;35:*.flv=01;35:*.gl=01;35:*.dl=01;35:*.xcf=01;35:*.xwd=01;35:*.yuv=01;35:*.cgm=01;35:*.emf=01;35:*.ogv=01;35:*.ogx=01;35:*.aac=00;36:*.au=00;36:*.flac=00;36:*.m4a=00;36:*.mid=00;36:*.midi=00;36:*.mka=00;36:*.mp3=00;36:*.mpc=00;36:*.ogg=00;36:*.ra=00;36:*.wav=00;36:*.oga=00;36:*.opus=00;36:*.spx=00;36:*.xspf=00;36:'), ('AMENT_PREFIX_PATH', '/home/autodrive_devkit/ros2_laser_scan_matcher/src/new-tf-topic/install/new-tf-topic:/home/autodrive_devkit/ros2_laser_scan_matcher/install/ros2_laser_scan_matcher:/home/autodrive_devkit/install/autodrive_roboracer:/opt/ros/humble'), ('PWD', '/home/autodrive_devkit/ros2_laser_scan_matcher/src/new-tf-topic/build/new-tf-topic'), ('LC_ALL', 'C.UTF-8'), ('PYTHONPATH', '/home/autodrive_devkit/install/autodrive_roboracer/lib/python3.10/site-packages:/opt/ros/humble/lib/python3.10/site-packages:/opt/ros/humble/local/lib/python3.10/dist-packages'), ('COLCON', '1'), ('CMAKE_PREFIX_PATH', '/home/autodrive_devkit/ros2_laser_scan_matcher/src/new-tf-topic/install/new-tf-topic:/home/autodrive_devkit/ros2_laser_scan_matcher/install/ros2_laser_scan_matcher::/usr/local:/home/autodrive_devkit/install/autodrive_roboracer:/opt/ros/humble')]), 'shell': False}
[0.056349] (new-tf-topic) StdoutLine: {'line': b'[ 50%] \x1b[32mBuilding CXX object CMakeFiles/frame_publisher_node.dir/src/frame_publisher_node.cpp.o\x1b[0m\n'}
[0.099822] (-) TimerEvent: {}
[0.200126] (-) TimerEvent: {}
[0.300499] (-) TimerEvent: {}
[0.400822] (-) TimerEvent: {}
[0.501192] (-) TimerEvent: {}
[0.601522] (-) TimerEvent: {}
[0.701796] (-) TimerEvent: {}
[0.802162] (-) TimerEvent: {}
[0.902486] (-) TimerEvent: {}
[1.002841] (-) TimerEvent: {}
[1.103176] (-) TimerEvent: {}
[1.203497] (-) TimerEvent: {}
[1.303840] (-) TimerEvent: {}
[1.404168] (-) TimerEvent: {}
[1.504523] (-) TimerEvent: {}
[1.531988] (new-tf-topic) StderrLine: {'line': b'\x1b[01m\x1b[K/home/autodrive_devkit/ros2_laser_scan_matcher/src/new-tf-topic/src/frame_publisher_node.cpp:\x1b[m\x1b[K In member function \xe2\x80\x98\x1b[01m\x1b[Kvoid FramePublisher::broadcast_timer_callback()\x1b[m\x1b[K\xe2\x80\x99:\n'}
[1.532210] (new-tf-topic) StderrLine: {'line': b'\x1b[01m\x1b[K/home/autodrive_devkit/ros2_laser_scan_matcher/src/new-tf-topic/src/frame_publisher_node.cpp:59:33:\x1b[m\x1b[K \x1b[01;31m\x1b[Kerror: \x1b[m\x1b[K\xe2\x80\x98\x1b[01m\x1b[Kodom_to_robot_transform\x1b[m\x1b[K\xe2\x80\x99 was not declared in this scope; did you mean \xe2\x80\x98\x1b[01m\x1b[Kworld_to_odom_transform\x1b[m\x1b[K\xe2\x80\x99?\n'}
[1.532297] (new-tf-topic) StderrLine: {'line': b'   59 |     tf_msg.transforms.push_back(\x1b[01;31m\x1b[Kodom_to_robot_transform\x1b[m\x1b[K);\n'}
[1.532366] (new-tf-topic) StderrLine: {'line': b'      |                                 \x1b[01;31m\x1b[K^~~~~~~~~~~~~~~~~~~~~~~\x1b[m\x1b[K\n'}
[1.532429] (new-tf-topic) StderrLine: {'line': b'      |                                 \x1b[32m\x1b[Kworld_to_odom_transform\x1b[m\x1b[K\n'}
[1.604648] (-) TimerEvent: {}
[1.704981] (-) TimerEvent: {}
[1.805330] (-) TimerEvent: {}
[1.905631] (-) TimerEvent: {}
[2.005967] (-) TimerEvent: {}
[2.062154] (new-tf-topic) StderrLine: {'line': b'gmake[2]: *** [CMakeFiles/frame_publisher_node.dir/build.make:76: CMakeFiles/frame_publisher_node.dir/src/frame_publisher_node.cpp.o] Error 1\n'}
[2.062428] (new-tf-topic) StderrLine: {'line': b'gmake[1]: *** [CMakeFiles/Makefile2:137: CMakeFiles/frame_publisher_node.dir/all] Error 2\n'}
[2.062525] (new-tf-topic) StderrLine: {'line': b'gmake: *** [Makefile:146: all] Error 2\n'}
[2.064225] (new-tf-topic) CommandEnded: {'returncode': 2}
[2.072228] (new-tf-topic) JobEnded: {'identifier': 'new-tf-topic', 'rc': 2}
[2.082811] (-) EventReactorShutdown: {}
